SF:lib/domain/apis/base/request.dart
DA:9,12
DA:11,1
DA:12,1
DA:14,0
DA:17,0
DA:20,0
DA:24,0
DA:29,0
DA:31,0
LF:9
LH:3
end_of_record
SF:lib/domain/apis/posts_api.dart
DA:10,2
DA:11,1
DA:12,2
DA:13,1
DA:14,2
DA:15,1
DA:17,2
DA:18,2
DA:24,0
DA:25,0
DA:26,0
DA:27,0
DA:28,0
DA:31,0
DA:36,0
DA:39,0
DA:41,0
DA:49,6
DA:50,3
DA:51,6
DA:52,3
DA:53,9
DA:56,3
DA:61,0
DA:64,6
DA:66,3
LF:26
LH:16
end_of_record
SF:lib/domain/data/post.dart
DA:15,2
LF:1
LH:1
end_of_record
SF:lib/domain/data/post.g.dart
DA:9,2
DA:10,1
DA:11,1
DA:12,1
DA:13,1
DA:16,0
DA:17,0
DA:18,0
DA:19,0
DA:20,0
LF:10
LH:5
end_of_record
SF:lib/domain/global/apis.g.dart
DA:11,12
DA:12,6
DA:13,6
LF:3
LH:3
end_of_record
SF:lib/domain/global/global_store.g.dart
DA:10,2
DA:11,2
DA:16,2
DA:18,2
DA:19,6
DA:20,6
DA:21,4
DA:22,4
LF:8
LH:8
end_of_record
SF:lib/domain/global/global_store.dart
DA:17,0
DA:19,0
DA:23,18
DA:25,6
DA:26,6
DA:28,6
DA:34,0
DA:36,0
DA:37,0
DA:40,0
DA:41,0
DA:44,0
LF:12
LH:4
end_of_record
SF:lib/domain/interactors/mixins/like_post_mixin.dart
DA:5,0
DA:6,0
DA:8,0
DA:9,0
DA:12,0
LF:5
LH:0
end_of_record
SF:lib/domain/interactors/posts/posts_interactor.dart
DA:12,2
DA:13,10
DA:18,0
DA:20,10
DA:23,2
DA:24,12
DA:26,0
DA:30,0
DA:31,0
DA:32,0
DA:34,0
DA:38,0
DA:40,0
DA:43,2
DA:44,2
DA:46,2
DA:47,2
DA:48,0
DA:49,0
LF:19
LH:9
end_of_record
SF:lib/domain/apis/base/apis.dart
DA:7,4
DA:9,4
DA:10,8
LF:3
LH:3
end_of_record
SF:lib/domain/flavors/base/flavor.dart
DA:1,4
LF:1
LH:1
end_of_record
SF:lib/domain/flavors/test_flavor.dart
DA:4,4
LF:1
LH:1
end_of_record
SF:lib/domain/interactors/autharization/autharization_interactor.dart
DA:7,0
DA:9,0
DA:12,0
DA:13,0
DA:16,2
DA:17,2
DA:19,2
DA:20,2
DA:22,2
DA:23,4
LF:10
LH:6
end_of_record
SF:lib/domain/interactors/autharization/autharization_state.dart
DA:12,0
LF:1
LH:0
end_of_record
SF:lib/domain/interactors/autharization/autharization_state.g.dart
DA:9,0
DA:11,0
DA:12,0
DA:15,2
DA:17,2
DA:18,2
LF:6
LH:3
end_of_record
SF:lib/domain/interactors/post/post_interactor.dart
DA:12,2
DA:13,10
DA:15,10
DA:17,2
DA:18,12
DA:20,0
DA:24,0
DA:25,0
DA:28,0
DA:29,0
DA:31,0
DA:32,0
DA:35,2
DA:36,2
DA:38,2
DA:39,2
DA:40,0
DA:41,0
DA:42,0
LF:19
LH:9
end_of_record
SF:lib/domain/interactors/user_defaults/user_defaults_interactor.dart
DA:7,0
DA:9,0
DA:12,1
DA:13,4
DA:16,2
DA:17,2
DA:19,2
DA:20,4
DA:22,2
DA:23,2
LF:10
LH:8
end_of_record
SF:lib/domain/interactors/user_defaults/user_defaults_state.dart
DA:12,0
LF:1
LH:0
end_of_record
SF:lib/domain/interactors/user_defaults/user_defaults_state.g.dart
DA:9,0
DA:10,0
DA:11,0
DA:14,2
DA:16,2
DA:17,2
LF:6
LH:3
end_of_record
SF:lib/ui/posts_list/posts_list_view.dart
DA:11,1
DA:13,1
DA:18,1
DA:20,1
DA:22,1
DA:25,1
DA:26,2
DA:27,1
DA:28,2
DA:29,2
DA:32,1
DA:38,1
DA:39,1
DA:40,1
DA:41,1
DA:42,1
DA:43,1
DA:45,1
DA:46,0
DA:47,0
DA:49,0
DA:50,0
DA:52,1
DA:53,1
DA:54,1
DA:57,1
DA:60,0
DA:63,0
DA:64,0
DA:69,1
DA:71,1
DA:74,1
DA:75,1
LF:33
LH:26
end_of_record
SF:lib/ui/post/post_view.dart
DA:14,1
DA:18,1
DA:20,1
DA:22,1
DA:27,1
DA:29,1
DA:31,1
DA:34,1
DA:35,1
DA:36,2
DA:37,1
DA:38,2
DA:39,2
DA:42,1
DA:49,1
DA:50,1
DA:51,1
DA:52,1
DA:53,0
DA:54,1
DA:55,1
DA:56,1
DA:57,0
DA:58,0
DA:63,0
DA:66,0
DA:67,0
DA:72,1
DA:74,1
DA:77,1
DA:78,1
LF:31
LH:25
end_of_record
SF:lib/ui/posts_list/components/post_card.dart
DA:10,2
DA:17,2
DA:19,2
DA:21,2
DA:22,2
DA:23,2
DA:26,2
DA:28,2
DA:30,2
DA:31,2
DA:33,2
DA:34,2
DA:40,4
DA:42,2
DA:50,4
DA:52,2
DA:53,2
DA:54,2
DA:55,2
DA:57,2
DA:63,4
LF:21
LH:21
end_of_record
SF:lib/ui/post/post_view_model.dart
DA:10,1
DA:11,1
DA:12,1
DA:15,1
DA:17,2
DA:19,1
DA:20,2
DA:22,0
DA:26,0
DA:27,0
DA:30,6
LF:11
LH:8
end_of_record
SF:lib/ui/post/post_view_state.dart
DA:10,0
LF:1
LH:0
end_of_record
SF:lib/ui/post/post_view_state.g.dart
DA:9,0
DA:10,0
DA:12,0
DA:13,0
LF:4
LH:0
end_of_record
SF:lib/ui/posts_list/posts_list_view_model.dart
DA:14,1
DA:15,1
DA:16,1
DA:19,3
DA:21,4
DA:23,1
DA:25,2
DA:26,2
DA:29,0
DA:30,0
DA:33,0
DA:34,0
DA:35,0
DA:39,5
LF:14
LH:9
end_of_record
SF:lib/ui/posts_list/posts_list_view_state.dart
DA:12,0
LF:1
LH:0
end_of_record
SF:lib/ui/posts_list/posts_list_view_state.g.dart
DA:9,0
DA:11,0
DA:12,0
DA:15,0
DA:17,0
DA:18,0
LF:6
LH:0
end_of_record
